{"C:\\Users\\klleriston_calriz\\dev\\DoDev\\Node\\calc.js": {"path":"C:\\Users\\klleriston_calriz\\dev\\DoDev\\Node\\calc.js","statementMap":{"0":{"start":{"line":12,"column":4},"end":{"line":19,"column":5}},"1":{"start":{"line":13,"column":24},"end":{"line":13,"column":26}},"2":{"start":{"line":14,"column":33},"end":{"line":14,"column":52}},"3":{"start":{"line":15,"column":8},"end":{"line":17,"column":9}},"4":{"start":{"line":16,"column":12},"end":{"line":16,"column":55}},"5":{"start":{"line":18,"column":8},"end":{"line":18,"column":43}},"6":{"start":{"line":21,"column":4},"end":{"line":28,"column":5}},"7":{"start":{"line":22,"column":24},"end":{"line":22,"column":25}},"8":{"start":{"line":23,"column":33},"end":{"line":23,"column":52}},"9":{"start":{"line":24,"column":8},"end":{"line":26,"column":9}},"10":{"start":{"line":25,"column":12},"end":{"line":25,"column":55}},"11":{"start":{"line":27,"column":8},"end":{"line":27,"column":33}},"12":{"start":{"line":30,"column":4},"end":{"line":32,"column":5}},"13":{"start":{"line":31,"column":8},"end":{"line":31,"column":37}},"14":{"start":{"line":36,"column":0},"end":{"line":36,"column":41}}},"fnMap":{"0":{"name":"CalcCombustivelPorKM","decl":{"start":{"line":10,"column":9},"end":{"line":10,"column":29}},"loc":{"start":{"line":10,"column":57},"end":{"line":34,"column":1}},"line":10}},"branchMap":{"0":{"loc":{"start":{"line":12,"column":4},"end":{"line":19,"column":5}},"type":"if","locations":[{"start":{"line":12,"column":4},"end":{"line":19,"column":5}},{"start":{},"end":{}}],"line":12},"1":{"loc":{"start":{"line":15,"column":8},"end":{"line":17,"column":9}},"type":"if","locations":[{"start":{"line":15,"column":8},"end":{"line":17,"column":9}},{"start":{},"end":{}}],"line":15},"2":{"loc":{"start":{"line":21,"column":4},"end":{"line":28,"column":5}},"type":"if","locations":[{"start":{"line":21,"column":4},"end":{"line":28,"column":5}},{"start":{},"end":{}}],"line":21},"3":{"loc":{"start":{"line":24,"column":8},"end":{"line":26,"column":9}},"type":"if","locations":[{"start":{"line":24,"column":8},"end":{"line":26,"column":9}},{"start":{},"end":{}}],"line":24},"4":{"loc":{"start":{"line":30,"column":4},"end":{"line":32,"column":5}},"type":"if","locations":[{"start":{"line":30,"column":4},"end":{"line":32,"column":5}},{"start":{},"end":{}}],"line":30},"5":{"loc":{"start":{"line":30,"column":8},"end":{"line":30,"column":65}},"type":"binary-expr","locations":[{"start":{"line":30,"column":8},"end":{"line":30,"column":34}},{"start":{"line":30,"column":38},"end":{"line":30,"column":48}},{"start":{"line":30,"column":52},"end":{"line":30,"column":65}}],"line":30}},"s":{"0":5,"1":2,"2":2,"3":2,"4":1,"5":1,"6":3,"7":2,"8":2,"9":2,"10":1,"11":1,"12":1,"13":1,"14":1},"f":{"0":5},"b":{"0":[2,3],"1":[1,1],"2":[2,1],"3":[1,1],"4":[1,0],"5":[1,0,0]},"_coverageSchema":"1a1c01bbd47fc00a2c39e90264f33305004495a9","hash":"3fb569347cbdcdeac0183ec3d45f2c4fd6aa2cbc"}
}
